<?xml version="1.0" encoding="UTF-8"?>
<testsuite name="TwoNumberSumAp1Test" tests="1" skipped="0" failures="0" errors="0" timestamp="2022-09-12T13:21:45" hostname="DESKTOP-JJTERBG" time="0.077">
  <properties/>
  <testcase name="Must be return the array sorted in increasing order" classname="TwoNumberSumAp1Test" time="0.077"/>
  <system-out><![CDATA[]]></system-out>
  <system-err><![CDATA[]]></system-err>
</testsuite>
